<?xml version="1.0" encoding="UTF-8"?>
<testsuite name="in.co.gorest.userinfo.GorestCRUDTest" time="29.652" tests="4" errors="4" skipped="0" failures="0">
  <properties>
[...]
</properties>
  <testcase name="test001" classname="in.co.gorest.userinfo.GorestCRUDTest" time="17.341">
    <error type="java.lang.NullPointerException:">java.lang.NullPointerException: null
	at io.restassured.internal.print.ResponsePrinter.print(ResponsePrinter.java:46)
	at io.restassured.internal.ValidatableResponseOptionsImpl.logResponse(ValidatableResponseOptionsImpl.java:423)
	at io.restassured.internal.ValidatableResponseOptionsImpl.logResponse(ValidatableResponseOptionsImpl.java:419)
	at io.restassured.internal.ValidatableResponseOptionsImpl.logResponse(ValidatableResponseOptionsImpl.java:415)
	at io.restassured.internal.ValidatableResponseOptionsImpl.all(ValidatableResponseOptionsImpl.java:371)
	at in.co.gorest.userinfo.GorestCRUDTest.test001(GorestCRUDTest.java:43)
</error>
    <system-out><![CDATA[Request method:	POST
Request URI:	http://localhost:8080/users
Proxy:			<none>
Request params:	<none>
Query params:	<none>
Form params:	<none>
Path params:	<none>
Multiparts:		<none>
Headers:		Authorization=Bearer c426452f777927f6e49219f45652a5fd08178e3f873af217a5b982a6fdd15dac
				Accept=application/json
				Content-Type=application/json; charset=UTF-8
Cookies:		<none>
Body:
{
    "name": "Rechal83742",
    "email": "44572shiven@gmail.com",
    "gender": "male",
    "status": "active"
}
]]></system-out>
    <system-err><![CDATA[16185 [main] INFO net.serenitybdd.rest.decorators.request.RequestSpecificationDecorated - No BaseStepListener, POST /users not registered.
]]></system-err>
  </testcase>
  <testcase name="test002" classname="in.co.gorest.userinfo.GorestCRUDTest" time="4.118">
    <error message="Cannot invoke method hasCustomParserExcludingDefaultParser() on null object" type="java.lang.NullPointerException">java.lang.NullPointerException: Cannot invoke method hasCustomParserExcludingDefaultParser() on null object
	at org.codehaus.groovy.runtime.NullObject.invokeMethod(NullObject.java:91)
	at org.codehaus.groovy.runtime.callsite.PogoMetaClassSite.call(PogoMetaClassSite.java:48)
	at org.codehaus.groovy.runtime.callsite.CallSiteArray.defaultCall(CallSiteArray.java:48)
	at org.codehaus.groovy.runtime.callsite.NullCallSite.call(NullCallSite.java:35)
	at org.codehaus.groovy.runtime.callsite.CallSiteArray.defaultCall(CallSiteArray.java:48)
	at org.codehaus.groovy.runtime.callsite.AbstractCallSite.call(AbstractCallSite.java:113)
	at org.codehaus.groovy.runtime.callsite.AbstractCallSite.call(AbstractCallSite.java:125)
	at io.restassured.internal.RestAssuredResponseOptionsGroovyImpl.findContentType(RestAssuredResponseOptionsGroovyImpl.groovy:484)
	at sun.reflect.NativeMethodAccessorImpl.invoke0(Native Method)
	at sun.reflect.NativeMethodAccessorImpl.invoke(NativeMethodAccessorImpl.java:62)
	at sun.reflect.DelegatingMethodAccessorImpl.invoke(DelegatingMethodAccessorImpl.java:43)
	at java.lang.reflect.Method.invoke(Method.java:498)
	at org.codehaus.groovy.runtime.callsite.PogoMetaMethodSite$PogoCachedMethodSiteNoUnwrapNoCoerce.invoke(PogoMetaMethodSite.java:210)
	at org.codehaus.groovy.runtime.callsite.PogoMetaMethodSite.callCurrent(PogoMetaMethodSite.java:59)
	at org.codehaus.groovy.runtime.callsite.CallSiteArray.defaultCallCurrent(CallSiteArray.java:52)
	at org.codehaus.groovy.runtime.callsite.AbstractCallSite.callCurrent(AbstractCallSite.java:154)
	at org.codehaus.groovy.runtime.callsite.AbstractCallSite.callCurrent(AbstractCallSite.java:166)
	at io.restassured.internal.RestAssuredResponseOptionsGroovyImpl.path(RestAssuredResponseOptionsGroovyImpl.groovy:391)
	at io.restassured.internal.RestAssuredResponseOptionsImpl.path(RestAssuredResponseOptionsImpl.java:200)
	at in.co.gorest.userinfo.GorestCRUDTest.test002(GorestCRUDTest.java:58)
</error>
    <system-out><![CDATA[Request method:	GET
Request URI:	http://localhost:8080/users
Proxy:			<none>
Request params:	<none>
Query params:	<none>
Form params:	<none>
Path params:	<none>
Multiparts:		<none>
Headers:		Accept=*/*
Cookies:		<none>
Body:			<none>
]]></system-out>
    <system-err><![CDATA[20327 [main] INFO net.serenitybdd.rest.decorators.request.RequestSpecificationDecorated - No BaseStepListener, GET /users not registered.
]]></system-err>
  </testcase>
  <testcase name="test003" classname="in.co.gorest.userinfo.GorestCRUDTest" time="4.11">
    <error message="Cannot invoke method getContentType() on null object" type="java.lang.NullPointerException">java.lang.NullPointerException: Cannot invoke method getContentType() on null object
	at org.codehaus.groovy.runtime.NullObject.invokeMethod(NullObject.java:91)
	at org.codehaus.groovy.runtime.callsite.PogoMetaClassSite.call(PogoMetaClassSite.java:48)
	at org.codehaus.groovy.runtime.callsite.CallSiteArray.defaultCall(CallSiteArray.java:48)
	at org.codehaus.groovy.runtime.callsite.NullCallSite.call(NullCallSite.java:35)
	at org.codehaus.groovy.runtime.callsite.CallSiteArray.defaultCall(CallSiteArray.java:48)
	at org.codehaus.groovy.runtime.callsite.AbstractCallSite.call(AbstractCallSite.java:113)
	at org.codehaus.groovy.runtime.callsite.AbstractCallSite.call(AbstractCallSite.java:117)
	at io.restassured.internal.support.Prettifier.getPrettifiedBodyIfPossible(Prettifier.groovy:42)
	at io.restassured.internal.print.ResponsePrinter.print(ResponsePrinter.java:62)
	at io.restassured.internal.ValidatableResponseOptionsImpl.logResponse(ValidatableResponseOptionsImpl.java:423)
	at io.restassured.internal.ValidatableResponseOptionsImpl.logResponse(ValidatableResponseOptionsImpl.java:419)
	at io.restassured.internal.ValidatableResponseOptionsImpl.logResponse(ValidatableResponseOptionsImpl.java:415)
	at io.restassured.internal.ValidatableResponseOptionsImpl.body(ValidatableResponseOptionsImpl.java:361)
	at in.co.gorest.userinfo.GorestCRUDTest.test003(GorestCRUDTest.java:89)
</error>
    <system-out><![CDATA[Request method:	PUT
Request URI:	http://localhost:8080/users/3866
Proxy:			<none>
Request params:	<none>
Query params:	<none>
Form params:	<none>
Path params:	userID=3866
Multiparts:		<none>
Headers:		Authorization=Bearer c426452f777927f6e49219f45652a5fd08178e3f873af217a5b982a6fdd15dac
				Accept=application/json
				Content-Type=application/json; charset=UTF-8
Cookies:		<none>
Body:
{
    "name": "Shama",
    "email": "tenali@gmail.com",
    "gender": "female",
    "status": "active"
}
]]></system-out>
    <system-err><![CDATA[24442 [main] INFO net.serenitybdd.rest.decorators.request.RequestSpecificationDecorated - No BaseStepListener, PUT /users/{userID} not registered.
]]></system-err>
  </testcase>
  <testcase name="test004" classname="in.co.gorest.userinfo.GorestCRUDTest" time="4.083">
    <error type="java.lang.NullPointerException:">java.lang.NullPointerException: null
	at io.restassured.internal.print.ResponsePrinter.print(ResponsePrinter.java:46)
	at io.restassured.internal.ValidatableResponseOptionsImpl.logResponse(ValidatableResponseOptionsImpl.java:423)
	at io.restassured.internal.ValidatableResponseOptionsImpl.logResponse(ValidatableResponseOptionsImpl.java:419)
	at io.restassured.internal.ValidatableResponseOptionsImpl.logResponse(ValidatableResponseOptionsImpl.java:415)
	at io.restassured.internal.ValidatableResponseOptionsImpl.status(ValidatableResponseOptionsImpl.java:335)
	at in.co.gorest.userinfo.GorestCRUDTest.test004(GorestCRUDTest.java:121)
</error>
    <system-out><![CDATA[Request method:	DELETE
Request URI:	http://localhost:8080/users/3865
Proxy:			<none>
Request params:	<none>
Query params:	<none>
Form params:	<none>
Path params:	userID=3865
Multiparts:		<none>
Headers:		Authorization=Bearer c426452f777927f6e49219f45652a5fd08178e3f873af217a5b982a6fdd15dac
				Accept=application/json
Cookies:		<none>
Body:			<none>
]]></system-out>
    <system-err><![CDATA[28524 [main] INFO net.serenitybdd.rest.decorators.request.RequestSpecificationDecorated - No BaseStepListener, DELETE /users/{userID} not registered.
]]></system-err>
  </testcase>
</testsuite>